=== resume run 2026-06-17 04:01:00 +04 ===
live spec excludes 100 already-sent vendors
cohort live=460 eligible=357 today_slice=95

→ SENDING  ·  audience=vendors_pending  ·  https://cthalaal.co.za
  subject: Your CTH Vendor Application: Approvals Are In Progress

⚠️  Recipient list (357 remaining from offset 0) exceeds the send cap (95). Only 95 will be sent this call. Re-run with offset=95 for the rest.

✓ Sent 65  ·  ✗ Failed 30  ·  of 357 total  ·  offset=0 → nextOffset=95
First errors: [
  {
    email: 'aaliyaamod@gmail.com',
    error: 'Too many requests. You can only make 2 requests per second. See rate limit response headers for more information. Or contact support to increase rate limit.'
  },
  {
    email: 'aashiqaisaacs@gmail.com',
    error: 'Too many requests. You can only make 2 requests per second. See rate limit response headers for more information. Or contact support to increase rate limit.'
  },
  {
    email: 'abashiaapplication@gmail.com',
    error: 'Too many requests. You can only make 2 requests per second. See rate limit response headers for more information. Or contact support to increase rate limit.'
  },
  {
    email: 'abrahamsaqeela75@gmail.com',
    error: 'Too many requests. You can only make 2 requests per second. See rate limit response headers for more information. Or contact support to increase rate limit.'
  },
  {
    email: 'abuse-probe@example.org',
    error: 'Too many requests. You can only make 2 requests per second. See rate limit response headers for more information. Or contact support to increase rate limit.'
  },
  {
    email: 'admin@talladegagrill.co.za',
    error: 'Too many requests. You can only make 2 requests per second. See rate limit response headers for more information. Or contact support to increase rate limit.'
  },
  {
    email: 'adnankk.muhammad@gmail.com',
    error: 'Too many requests. You can only make 2 requests per second. See rate limit response headers for more information. Or contact support to increase rate limit.'
  },
  {
    email: 'alarnie3c@gmail.com',
    error: 'Too many requests. You can only make 2 requests per second. See rate limit response headers for more information. Or contact support to increase rate limit.'
  },
  {
    email: 'amapakala@gmail.com',
    error: 'Too many requests. You can only make 2 requests per second. See rate limit response headers for more information. Or contact support to increase rate limit.'
  },
  {
    email: 'amiena.3110@gmail.com',
    error: 'Too many requests. You can only make 2 requests per second. See rate limit response headers for more information. Or contact support to increase rate limit.'
  },
  {
    email: 'amoeneebah@gmail.com',
    error: 'Too many requests. You can only make 2 requests per second. See rate limit response headers for more information. Or contact support to increase rate limit.'
  },
  {
    email: 'aniyahjardine@gmail.com',
    error: 'Too many requests. You can only make 2 requests per second. See rate limit response headers for more information. Or contact support to increase rate limit.'
  },
  {
    email: 'aqeelahalbertyn01@gmail.com',
    error: 'Too many requests. You can only make 2 requests per second. See rate limit response headers for more information. Or contact support to increase rate limit.'
  },
  {
    email: 'ayeshafakir3@gmail.com',
    error: 'Too many requests. You can only make 2 requests per second. See rate limit response headers for more information. Or contact support to increase rate limit.'
  },
  {
    email: 'azharkoya@gmail.com',
    error: 'Too many requests. You can only make 2 requests per second. See rate limit response headers for more information. Or contact support to increase rate limit.'
  },
  {
    email: 'baduniesa@gmail.com',
    error: 'Too many requests. You can only make 2 requests per second. See rate limit response headers for more information. Or contact support to increase rate limit.'
  },
  {
    email: 'bashier@ciaopizza.co.za',
    error: 'Too many requests. You can only make 2 requests per second. See rate limit response headers for more information. Or contact support to increase rate limit.'
  },
  {
    email: 'benkenfoods@gmail.com',
    error: 'Too many requests. You can only make 2 requests per second. See rate limit response headers for more information. Or contact support to increase rate limit.'
  },
  {
    email: 'bobalicious.cpt@gmail.com',
    error: 'Too many requests. You can only make 2 requests per second. See rate limit response headers for more information. Or contact support to increase rate limit.'
  },
  {
    email: 'callabraai@gmail.com',
    error: 'Too many requests. You can only make 2 requests per second. See rate limit response headers for more information. Or contact support to increase rate limit.'
  },
  {
    email: 'carocraft01@gmail.com',
    error: 'Too many requests. You can only make 2 requests per second. See rate limit response headers for more information. Or contact support to increase rate limit.'
  },
  {
    email: 'charmsj948@gmail.com',
    error: 'Too many requests. You can only make 2 requests per second. See rate limit response headers for more information. Or contact support to increase rate limit.'
  },
  {
    email: 'cherryontop.lcsl@gmail.com',
    error: 'Too many requests. You can only make 2 requests per second. See rate limit response headers for more information. Or contact support to increase rate limit.'
  },
  {
    email: 'chiptwister70@gmail.com',
    error: 'Too many requests. You can only make 2 requests per second. See rate limit response headers for more information. Or contact support to increase rate limit.'
  },
  {
    email: 'cpt.chipndip@gmail.com',
    error: 'Too many requests. You can only make 2 requests per second. See rate limit response headers for more information. Or contact support to increase rate limit.'
  }
]

appended 65 entries to ledger (165 total).
